# JRE version: OpenJDK Runtime Environment JBR-11.0.9.1.11-1145.63-jcef (11.0.9.1+11) (build 11.0.9.1+11-b1145.63)
# Java VM: OpenJDK 64-Bit Server VM JBR-11.0.9.1.11-1145.63-jcef (11.0.9.1+11-b1145.63, mixed mode, tiered, compressed oops, g1 gc, windows-amd64)
Heap:
 garbage-first heap   total 131072K, used 12750K [0x0000000082400000, 0x0000000100000000)
  region size 1024K, 6 young (6144K), 0 survivors (0K)
 Metaspace       used 22528K, capacity 23087K, committed 23472K, reserved 1071104K
  class space    used 2260K, capacity 2442K, committed 2560K, reserved 1048576K
GC Heap History (10 events):
Event: 3.141 GC heap before
{Heap before GC invocations=0 (full 0):
 garbage-first heap   total 131072K, used 14336K [0x0000000082400000, 0x0000000100000000)
  region size 1024K, 14 young (14336K), 0 survivors (0K)
 Metaspace       used 12382K, capacity 12868K, committed 13056K, reserved 1060864K
  class space    used 1272K, capacity 1455K, committed 1536K, reserved 1048576K
}
Event: 3.147 GC heap after
{Heap after GC invocations=1 (full 0):
 garbage-first heap   total 131072K, used 3283K [0x0000000082400000, 0x0000000100000000)
  region size 1024K, 2 young (2048K), 2 survivors (2048K)
 Metaspace       used 12382K, capacity 12868K, committed 13056K, reserved 1060864K
  class space    used 1272K, capacity 1455K, committed 1536K, reserved 1048576K
}
Event: 3.542 GC heap before
{Heap before GC invocations=1 (full 0):
 garbage-first heap   total 131072K, used 15571K [0x0000000082400000, 0x0000000100000000)
  region size 1024K, 14 young (14336K), 2 survivors (2048K)
 Metaspace       used 16334K, capacity 16776K, committed 17024K, reserved 1064960K
  class space    used 1698K, capacity 1879K, committed 1920K, reserved 1048576K
}
Event: 3.549 GC heap after
{Heap after GC invocations=2 (full 0):
 garbage-first heap   total 131072K, used 5720K [0x0000000082400000, 0x0000000100000000)
  region size 1024K, 2 young (2048K), 2 survivors (2048K)
 Metaspace       used 16334K, capacity 16776K, committed 17024K, reserved 1064960K
  class space    used 1698K, capacity 1879K, committed 1920K, reserved 1048576K
}
Event: 4.564 GC heap before
{Heap before GC invocations=2 (full 0):
 garbage-first heap   total 131072K, used 18008K [0x0000000082400000, 0x0000000100000000)
  region size 1024K, 15 young (15360K), 2 survivors (2048K)
 Metaspace       used 20673K, capacity 21149K, committed 21296K, reserved 1069056K
  class space    used 2161K, capacity 2346K, committed 2432K, reserved 1048576K
}
Event: 4.570 GC heap after
{Heap after GC invocations=3 (full 0):
 garbage-first heap   total 131072K, used 7208K [0x0000000082400000, 0x0000000100000000)
  region size 1024K, 4 young (4096K), 4 survivors (4096K)
 Metaspace       used 20673K, capacity 21149K, committed 21296K, reserved 1069056K
  class space    used 2161K, capacity 2346K, committed 2432K, reserved 1048576K
}
Event: 165.870 GC heap before
{Heap before GC invocations=4 (full 0):
 garbage-first heap   total 131072K, used 39976K [0x0000000082400000, 0x0000000100000000)
  region size 1024K, 36 young (36864K), 4 survivors (4096K)
 Metaspace       used 22319K, capacity 22895K, committed 23216K, reserved 1071104K
  class space    used 2260K, capacity 2442K, committed 2560K, reserved 1048576K
}
Event: 165.876 GC heap after
{Heap after GC invocations=5 (full 0):
 garbage-first heap   total 131072K, used 8359K [0x0000000082400000, 0x0000000100000000)
  region size 1024K, 3 young (3072K), 3 survivors (3072K)
 Metaspace       used 22319K, capacity 22895K, committed 23216K, reserved 1071104K
  class space    used 2260K, capacity 2442K, committed 2560K, reserved 1048576K
}
Event: 3765.978 GC heap before
{Heap before GC invocations=5 (full 0):
 garbage-first heap   total 131072K, used 17575K [0x0000000082400000, 0x0000000100000000)
  region size 1024K, 13 young (13312K), 3 survivors (3072K)
 Metaspace       used 22425K, capacity 22959K, committed 23216K, reserved 1071104K
  class space    used 2260K, capacity 2442K, committed 2560K, reserved 1048576K
}
Event: 3766.002 GC heap after
{Heap after GC invocations=6 (full 1):
 garbage-first heap   total 131072K, used 7630K [0x0000000082400000, 0x0000000100000000)
  region size 1024K, 0 young (0K), 0 survivors (0K)
 Metaspace       used 22425K, capacity 22959K, committed 23216K, reserved 1071104K
  class space    used 2260K, capacity 2442K, committed 2560K, reserved 1048576K
}

